<?xml version="1.0" encoding="UTF-8"?>
<testsuite xmlns:xsi="http://www.w3.org/2001/XMLSchema-instance" xsi:noNamespaceSchemaLocation="https://maven.apache.org/surefire/maven-surefire-plugin/xsd/surefire-test-report.xsd" name="com.temquare.base.service.LabelServiceTest" time="0.163" tests="2" errors="0" skipped="0" failures="0">
  <properties>
    <property name="sun.desktop" value="windows"/>
    <property name="awt.toolkit" value="sun.awt.windows.WToolkit"/>
    <property name="file.encoding.pkg" value="sun.io"/>
    <property name="java.specification.version" value="1.8"/>
    <property name="sun.cpu.isalist" value="amd64"/>
    <property name="sun.jnu.encoding" value="GBK"/>
    <property name="java.class.path" value="E:\sns\workspace\temsqure_parent\temsqure_base\target\test-classes;E:\sns\workspace\temsqure_parent\temsqure_base\target\classes;E:\sns\apache-maven-3.3.9\repository\org\springframework\boot\spring-boot-starter-data-jpa\2.0.1.RELEASE\spring-boot-starter-data-jpa-2.0.1.RELEASE.jar;E:\sns\apache-maven-3.3.9\repository\org\springframework\boot\spring-boot-starter\2.0.1.RELEASE\spring-boot-starter-2.0.1.RELEASE.jar;E:\sns\apache-maven-3.3.9\repository\org\springframework\boot\spring-boot\2.0.1.RELEASE\spring-boot-2.0.1.RELEASE.jar;E:\sns\apache-maven-3.3.9\repository\org\springframework\boot\spring-boot-autoconfigure\2.0.1.RELEASE\spring-boot-autoconfigure-2.0.1.RELEASE.jar;E:\sns\apache-maven-3.3.9\repository\org\springframework\boot\spring-boot-starter-logging\2.0.1.RELEASE\spring-boot-starter-logging-2.0.1.RELEASE.jar;E:\sns\apache-maven-3.3.9\repository\ch\qos\logback\logback-classic\1.2.3\logback-classic-1.2.3.jar;E:\sns\apache-maven-3.3.9\repository\ch\qos\logback\logback-core\1.2.3\logback-core-1.2.3.jar;E:\sns\apache-maven-3.3.9\repository\org\apache\logging\log4j\log4j-to-slf4j\2.10.0\log4j-to-slf4j-2.10.0.jar;E:\sns\apache-maven-3.3.9\repository\org\apache\logging\log4j\log4j-api\2.10.0\log4j-api-2.10.0.jar;E:\sns\apache-maven-3.3.9\repository\org\slf4j\jul-to-slf4j\1.7.25\jul-to-slf4j-1.7.25.jar;E:\sns\apache-maven-3.3.9\repository\javax\annotation\javax.annotation-api\1.3.2\javax.annotation-api-1.3.2.jar;E:\sns\apache-maven-3.3.9\repository\org\yaml\snakeyaml\1.19\snakeyaml-1.19.jar;E:\sns\apache-maven-3.3.9\repository\org\springframework\boot\spring-boot-starter-aop\2.0.1.RELEASE\spring-boot-starter-aop-2.0.1.RELEASE.jar;E:\sns\apache-maven-3.3.9\repository\org\springframework\spring-aop\5.0.5.RELEASE\spring-aop-5.0.5.RELEASE.jar;E:\sns\apache-maven-3.3.9\repository\org\aspectj\aspectjweaver\1.8.13\aspectjweaver-1.8.13.jar;E:\sns\apache-maven-3.3.9\repository\org\springframework\boot\spring-boot-starter-jdbc\2.0.1.RELEASE\spring-boot-starter-jdbc-2.0.1.RELEASE.jar;E:\sns\apache-maven-3.3.9\repository\com\zaxxer\HikariCP\2.7.8\HikariCP-2.7.8.jar;E:\sns\apache-maven-3.3.9\repository\org\springframework\spring-jdbc\5.0.5.RELEASE\spring-jdbc-5.0.5.RELEASE.jar;E:\sns\apache-maven-3.3.9\repository\org\hibernate\hibernate-core\5.2.16.Final\hibernate-core-5.2.16.Final.jar;E:\sns\apache-maven-3.3.9\repository\org\jboss\logging\jboss-logging\3.3.2.Final\jboss-logging-3.3.2.Final.jar;E:\sns\apache-maven-3.3.9\repository\org\hibernate\javax\persistence\hibernate-jpa-2.1-api\1.0.0.Final\hibernate-jpa-2.1-api-1.0.0.Final.jar;E:\sns\apache-maven-3.3.9\repository\org\javassist\javassist\3.22.0-GA\javassist-3.22.0-GA.jar;E:\sns\apache-maven-3.3.9\repository\antlr\antlr\2.7.7\antlr-2.7.7.jar;E:\sns\apache-maven-3.3.9\repository\org\jboss\jandex\2.0.3.Final\jandex-2.0.3.Final.jar;E:\sns\apache-maven-3.3.9\repository\com\fasterxml\classmate\1.3.4\classmate-1.3.4.jar;E:\sns\apache-maven-3.3.9\repository\dom4j\dom4j\1.6.1\dom4j-1.6.1.jar;E:\sns\apache-maven-3.3.9\repository\org\hibernate\common\hibernate-commons-annotations\5.0.1.Final\hibernate-commons-annotations-5.0.1.Final.jar;E:\sns\apache-maven-3.3.9\repository\javax\transaction\javax.transaction-api\1.2\javax.transaction-api-1.2.jar;E:\sns\apache-maven-3.3.9\repository\org\springframework\data\spring-data-jpa\2.0.6.RELEASE\spring-data-jpa-2.0.6.RELEASE.jar;E:\sns\apache-maven-3.3.9\repository\org\springframework\data\spring-data-commons\2.0.6.RELEASE\spring-data-commons-2.0.6.RELEASE.jar;E:\sns\apache-maven-3.3.9\repository\org\springframework\spring-orm\5.0.5.RELEASE\spring-orm-5.0.5.RELEASE.jar;E:\sns\apache-maven-3.3.9\repository\org\springframework\spring-context\5.0.5.RELEASE\spring-context-5.0.5.RELEASE.jar;E:\sns\apache-maven-3.3.9\repository\org\springframework\spring-tx\5.0.5.RELEASE\spring-tx-5.0.5.RELEASE.jar;E:\sns\apache-maven-3.3.9\repository\org\springframework\spring-beans\5.0.5.RELEASE\spring-beans-5.0.5.RELEASE.jar;E:\sns\apache-maven-3.3.9\repository\org\slf4j\slf4j-api\1.7.25\slf4j-api-1.7.25.jar;E:\sns\apache-maven-3.3.9\repository\org\springframework\spring-aspects\5.0.5.RELEASE\spring-aspects-5.0.5.RELEASE.jar;E:\sns\apache-maven-3.3.9\repository\com\temsqure\temsqure_comm\1.0-SNAPSHOT\temsqure_comm-1.0-SNAPSHOT.jar;E:\sns\apache-maven-3.3.9\repository\io\jsonwebtoken\jjwt\0.6.0\jjwt-0.6.0.jar;E:\sns\apache-maven-3.3.9\repository\com\fasterxml\jackson\core\jackson-databind\2.9.5\jackson-databind-2.9.5.jar;E:\sns\apache-maven-3.3.9\repository\com\fasterxml\jackson\core\jackson-annotations\2.9.0\jackson-annotations-2.9.0.jar;E:\sns\apache-maven-3.3.9\repository\com\fasterxml\jackson\core\jackson-core\2.9.5\jackson-core-2.9.5.jar;E:\sns\apache-maven-3.3.9\repository\mysql\mysql-connector-java\5.1.46\mysql-connector-java-5.1.46.jar;E:\sns\apache-maven-3.3.9\repository\org\springframework\boot\spring-boot-starter-web\2.0.1.RELEASE\spring-boot-starter-web-2.0.1.RELEASE.jar;E:\sns\apache-maven-3.3.9\repository\org\springframework\boot\spring-boot-starter-json\2.0.1.RELEASE\spring-boot-starter-json-2.0.1.RELEASE.jar;E:\sns\apache-maven-3.3.9\repository\com\fasterxml\jackson\datatype\jackson-datatype-jdk8\2.9.5\jackson-datatype-jdk8-2.9.5.jar;E:\sns\apache-maven-3.3.9\repository\com\fasterxml\jackson\datatype\jackson-datatype-jsr310\2.9.5\jackson-datatype-jsr310-2.9.5.jar;E:\sns\apache-maven-3.3.9\repository\com\fasterxml\jackson\module\jackson-module-parameter-names\2.9.5\jackson-module-parameter-names-2.9.5.jar;E:\sns\apache-maven-3.3.9\repository\org\springframework\boot\spring-boot-starter-tomcat\2.0.1.RELEASE\spring-boot-starter-tomcat-2.0.1.RELEASE.jar;E:\sns\apache-maven-3.3.9\repository\org\apache\tomcat\embed\tomcat-embed-core\8.5.29\tomcat-embed-core-8.5.29.jar;E:\sns\apache-maven-3.3.9\repository\org\apache\tomcat\embed\tomcat-embed-el\8.5.29\tomcat-embed-el-8.5.29.jar;E:\sns\apache-maven-3.3.9\repository\org\apache\tomcat\embed\tomcat-embed-websocket\8.5.29\tomcat-embed-websocket-8.5.29.jar;E:\sns\apache-maven-3.3.9\repository\org\hibernate\validator\hibernate-validator\6.0.9.Final\hibernate-validator-6.0.9.Final.jar;E:\sns\apache-maven-3.3.9\repository\javax\validation\validation-api\2.0.1.Final\validation-api-2.0.1.Final.jar;E:\sns\apache-maven-3.3.9\repository\org\springframework\spring-web\5.0.5.RELEASE\spring-web-5.0.5.RELEASE.jar;E:\sns\apache-maven-3.3.9\repository\org\springframework\spring-webmvc\5.0.5.RELEASE\spring-webmvc-5.0.5.RELEASE.jar;E:\sns\apache-maven-3.3.9\repository\org\springframework\spring-expression\5.0.5.RELEASE\spring-expression-5.0.5.RELEASE.jar;E:\sns\apache-maven-3.3.9\repository\org\springframework\boot\spring-boot-starter-test\2.0.1.RELEASE\spring-boot-starter-test-2.0.1.RELEASE.jar;E:\sns\apache-maven-3.3.9\repository\org\springframework\boot\spring-boot-test\2.0.1.RELEASE\spring-boot-test-2.0.1.RELEASE.jar;E:\sns\apache-maven-3.3.9\repository\org\springframework\boot\spring-boot-test-autoconfigure\2.0.1.RELEASE\spring-boot-test-autoconfigure-2.0.1.RELEASE.jar;E:\sns\apache-maven-3.3.9\repository\com\jayway\jsonpath\json-path\2.4.0\json-path-2.4.0.jar;E:\sns\apache-maven-3.3.9\repository\net\minidev\json-smart\2.3\json-smart-2.3.jar;E:\sns\apache-maven-3.3.9\repository\net\minidev\accessors-smart\1.2\accessors-smart-1.2.jar;E:\sns\apache-maven-3.3.9\repository\org\ow2\asm\asm\5.0.4\asm-5.0.4.jar;E:\sns\apache-maven-3.3.9\repository\junit\junit\4.12\junit-4.12.jar;E:\sns\apache-maven-3.3.9\repository\org\assertj\assertj-core\3.9.1\assertj-core-3.9.1.jar;E:\sns\apache-maven-3.3.9\repository\org\mockito\mockito-core\2.15.0\mockito-core-2.15.0.jar;E:\sns\apache-maven-3.3.9\repository\net\bytebuddy\byte-buddy\1.7.11\byte-buddy-1.7.11.jar;E:\sns\apache-maven-3.3.9\repository\net\bytebuddy\byte-buddy-agent\1.7.11\byte-buddy-agent-1.7.11.jar;E:\sns\apache-maven-3.3.9\repository\org\objenesis\objenesis\2.6\objenesis-2.6.jar;E:\sns\apache-maven-3.3.9\repository\org\hamcrest\hamcrest-core\1.3\hamcrest-core-1.3.jar;E:\sns\apache-maven-3.3.9\repository\org\hamcrest\hamcrest-library\1.3\hamcrest-library-1.3.jar;E:\sns\apache-maven-3.3.9\repository\org\skyscreamer\jsonassert\1.5.0\jsonassert-1.5.0.jar;E:\sns\apache-maven-3.3.9\repository\com\vaadin\external\google\android-json\0.0.20131108.vaadin1\android-json-0.0.20131108.vaadin1.jar;E:\sns\apache-maven-3.3.9\repository\org\springframework\spring-core\5.0.5.RELEASE\spring-core-5.0.5.RELEASE.jar;E:\sns\apache-maven-3.3.9\repository\org\springframework\spring-jcl\5.0.5.RELEASE\spring-jcl-5.0.5.RELEASE.jar;E:\sns\apache-maven-3.3.9\repository\org\springframework\spring-test\5.0.5.RELEASE\spring-test-5.0.5.RELEASE.jar;E:\sns\apache-maven-3.3.9\repository\org\xmlunit\xmlunit-core\2.5.1\xmlunit-core-2.5.1.jar;"/>
    <property name="java.vm.vendor" value="Oracle Corporation"/>
    <property name="sun.arch.data.model" value="64"/>
    <property name="user.variant" value=""/>
    <property name="java.vendor.url" value="http://java.oracle.com/"/>
    <property name="user.timezone" value=""/>
    <property name="java.vm.specification.version" value="1.8"/>
    <property name="os.name" value="Windows 10"/>
    <property name="user.country" value="CN"/>
    <property name="sun.java.launcher" value="SUN_STANDARD"/>
    <property name="sun.boot.library.path" value="E:\Java\jdk1.8.0_212\jre\bin"/>
    <property name="sun.java.command" value="C:\Users\ADMINI~1\AppData\Local\Temp\surefire5013641641663767700\surefirebooter3642768279284094343.jar C:\Users\Administrator\AppData\Local\Temp\surefire5013641641663767700 2019-05-29T09-58-48_092-jvmRun1 surefire7094363238392569527tmp surefire_08566208314551567297tmp"/>
    <property name="surefire.test.class.path" value="E:\sns\workspace\temsqure_parent\temsqure_base\target\test-classes;E:\sns\workspace\temsqure_parent\temsqure_base\target\classes;E:\sns\apache-maven-3.3.9\repository\org\springframework\boot\spring-boot-starter-data-jpa\2.0.1.RELEASE\spring-boot-starter-data-jpa-2.0.1.RELEASE.jar;E:\sns\apache-maven-3.3.9\repository\org\springframework\boot\spring-boot-starter\2.0.1.RELEASE\spring-boot-starter-2.0.1.RELEASE.jar;E:\sns\apache-maven-3.3.9\repository\org\springframework\boot\spring-boot\2.0.1.RELEASE\spring-boot-2.0.1.RELEASE.jar;E:\sns\apache-maven-3.3.9\repository\org\springframework\boot\spring-boot-autoconfigure\2.0.1.RELEASE\spring-boot-autoconfigure-2.0.1.RELEASE.jar;E:\sns\apache-maven-3.3.9\repository\org\springframework\boot\spring-boot-starter-logging\2.0.1.RELEASE\spring-boot-starter-logging-2.0.1.RELEASE.jar;E:\sns\apache-maven-3.3.9\repository\ch\qos\logback\logback-classic\1.2.3\logback-classic-1.2.3.jar;E:\sns\apache-maven-3.3.9\repository\ch\qos\logback\logback-core\1.2.3\logback-core-1.2.3.jar;E:\sns\apache-maven-3.3.9\repository\org\apache\logging\log4j\log4j-to-slf4j\2.10.0\log4j-to-slf4j-2.10.0.jar;E:\sns\apache-maven-3.3.9\repository\org\apache\logging\log4j\log4j-api\2.10.0\log4j-api-2.10.0.jar;E:\sns\apache-maven-3.3.9\repository\org\slf4j\jul-to-slf4j\1.7.25\jul-to-slf4j-1.7.25.jar;E:\sns\apache-maven-3.3.9\repository\javax\annotation\javax.annotation-api\1.3.2\javax.annotation-api-1.3.2.jar;E:\sns\apache-maven-3.3.9\repository\org\yaml\snakeyaml\1.19\snakeyaml-1.19.jar;E:\sns\apache-maven-3.3.9\repository\org\springframework\boot\spring-boot-starter-aop\2.0.1.RELEASE\spring-boot-starter-aop-2.0.1.RELEASE.jar;E:\sns\apache-maven-3.3.9\repository\org\springframework\spring-aop\5.0.5.RELEASE\spring-aop-5.0.5.RELEASE.jar;E:\sns\apache-maven-3.3.9\repository\org\aspectj\aspectjweaver\1.8.13\aspectjweaver-1.8.13.jar;E:\sns\apache-maven-3.3.9\repository\org\springframework\boot\spring-boot-starter-jdbc\2.0.1.RELEASE\spring-boot-starter-jdbc-2.0.1.RELEASE.jar;E:\sns\apache-maven-3.3.9\repository\com\zaxxer\HikariCP\2.7.8\HikariCP-2.7.8.jar;E:\sns\apache-maven-3.3.9\repository\org\springframework\spring-jdbc\5.0.5.RELEASE\spring-jdbc-5.0.5.RELEASE.jar;E:\sns\apache-maven-3.3.9\repository\org\hibernate\hibernate-core\5.2.16.Final\hibernate-core-5.2.16.Final.jar;E:\sns\apache-maven-3.3.9\repository\org\jboss\logging\jboss-logging\3.3.2.Final\jboss-logging-3.3.2.Final.jar;E:\sns\apache-maven-3.3.9\repository\org\hibernate\javax\persistence\hibernate-jpa-2.1-api\1.0.0.Final\hibernate-jpa-2.1-api-1.0.0.Final.jar;E:\sns\apache-maven-3.3.9\repository\org\javassist\javassist\3.22.0-GA\javassist-3.22.0-GA.jar;E:\sns\apache-maven-3.3.9\repository\antlr\antlr\2.7.7\antlr-2.7.7.jar;E:\sns\apache-maven-3.3.9\repository\org\jboss\jandex\2.0.3.Final\jandex-2.0.3.Final.jar;E:\sns\apache-maven-3.3.9\repository\com\fasterxml\classmate\1.3.4\classmate-1.3.4.jar;E:\sns\apache-maven-3.3.9\repository\dom4j\dom4j\1.6.1\dom4j-1.6.1.jar;E:\sns\apache-maven-3.3.9\repository\org\hibernate\common\hibernate-commons-annotations\5.0.1.Final\hibernate-commons-annotations-5.0.1.Final.jar;E:\sns\apache-maven-3.3.9\repository\javax\transaction\javax.transaction-api\1.2\javax.transaction-api-1.2.jar;E:\sns\apache-maven-3.3.9\repository\org\springframework\data\spring-data-jpa\2.0.6.RELEASE\spring-data-jpa-2.0.6.RELEASE.jar;E:\sns\apache-maven-3.3.9\repository\org\springframework\data\spring-data-commons\2.0.6.RELEASE\spring-data-commons-2.0.6.RELEASE.jar;E:\sns\apache-maven-3.3.9\repository\org\springframework\spring-orm\5.0.5.RELEASE\spring-orm-5.0.5.RELEASE.jar;E:\sns\apache-maven-3.3.9\repository\org\springframework\spring-context\5.0.5.RELEASE\spring-context-5.0.5.RELEASE.jar;E:\sns\apache-maven-3.3.9\repository\org\springframework\spring-tx\5.0.5.RELEASE\spring-tx-5.0.5.RELEASE.jar;E:\sns\apache-maven-3.3.9\repository\org\springframework\spring-beans\5.0.5.RELEASE\spring-beans-5.0.5.RELEASE.jar;E:\sns\apache-maven-3.3.9\repository\org\slf4j\slf4j-api\1.7.25\slf4j-api-1.7.25.jar;E:\sns\apache-maven-3.3.9\repository\org\springframework\spring-aspects\5.0.5.RELEASE\spring-aspects-5.0.5.RELEASE.jar;E:\sns\apache-maven-3.3.9\repository\com\temsqure\temsqure_comm\1.0-SNAPSHOT\temsqure_comm-1.0-SNAPSHOT.jar;E:\sns\apache-maven-3.3.9\repository\io\jsonwebtoken\jjwt\0.6.0\jjwt-0.6.0.jar;E:\sns\apache-maven-3.3.9\repository\com\fasterxml\jackson\core\jackson-databind\2.9.5\jackson-databind-2.9.5.jar;E:\sns\apache-maven-3.3.9\repository\com\fasterxml\jackson\core\jackson-annotations\2.9.0\jackson-annotations-2.9.0.jar;E:\sns\apache-maven-3.3.9\repository\com\fasterxml\jackson\core\jackson-core\2.9.5\jackson-core-2.9.5.jar;E:\sns\apache-maven-3.3.9\repository\mysql\mysql-connector-java\5.1.46\mysql-connector-java-5.1.46.jar;E:\sns\apache-maven-3.3.9\repository\org\springframework\boot\spring-boot-starter-web\2.0.1.RELEASE\spring-boot-starter-web-2.0.1.RELEASE.jar;E:\sns\apache-maven-3.3.9\repository\org\springframework\boot\spring-boot-starter-json\2.0.1.RELEASE\spring-boot-starter-json-2.0.1.RELEASE.jar;E:\sns\apache-maven-3.3.9\repository\com\fasterxml\jackson\datatype\jackson-datatype-jdk8\2.9.5\jackson-datatype-jdk8-2.9.5.jar;E:\sns\apache-maven-3.3.9\repository\com\fasterxml\jackson\datatype\jackson-datatype-jsr310\2.9.5\jackson-datatype-jsr310-2.9.5.jar;E:\sns\apache-maven-3.3.9\repository\com\fasterxml\jackson\module\jackson-module-parameter-names\2.9.5\jackson-module-parameter-names-2.9.5.jar;E:\sns\apache-maven-3.3.9\repository\org\springframework\boot\spring-boot-starter-tomcat\2.0.1.RELEASE\spring-boot-starter-tomcat-2.0.1.RELEASE.jar;E:\sns\apache-maven-3.3.9\repository\org\apache\tomcat\embed\tomcat-embed-core\8.5.29\tomcat-embed-core-8.5.29.jar;E:\sns\apache-maven-3.3.9\repository\org\apache\tomcat\embed\tomcat-embed-el\8.5.29\tomcat-embed-el-8.5.29.jar;E:\sns\apache-maven-3.3.9\repository\org\apache\tomcat\embed\tomcat-embed-websocket\8.5.29\tomcat-embed-websocket-8.5.29.jar;E:\sns\apache-maven-3.3.9\repository\org\hibernate\validator\hibernate-validator\6.0.9.Final\hibernate-validator-6.0.9.Final.jar;E:\sns\apache-maven-3.3.9\repository\javax\validation\validation-api\2.0.1.Final\validation-api-2.0.1.Final.jar;E:\sns\apache-maven-3.3.9\repository\org\springframework\spring-web\5.0.5.RELEASE\spring-web-5.0.5.RELEASE.jar;E:\sns\apache-maven-3.3.9\repository\org\springframework\spring-webmvc\5.0.5.RELEASE\spring-webmvc-5.0.5.RELEASE.jar;E:\sns\apache-maven-3.3.9\repository\org\springframework\spring-expression\5.0.5.RELEASE\spring-expression-5.0.5.RELEASE.jar;E:\sns\apache-maven-3.3.9\repository\org\springframework\boot\spring-boot-starter-test\2.0.1.RELEASE\spring-boot-starter-test-2.0.1.RELEASE.jar;E:\sns\apache-maven-3.3.9\repository\org\springframework\boot\spring-boot-test\2.0.1.RELEASE\spring-boot-test-2.0.1.RELEASE.jar;E:\sns\apache-maven-3.3.9\repository\org\springframework\boot\spring-boot-test-autoconfigure\2.0.1.RELEASE\spring-boot-test-autoconfigure-2.0.1.RELEASE.jar;E:\sns\apache-maven-3.3.9\repository\com\jayway\jsonpath\json-path\2.4.0\json-path-2.4.0.jar;E:\sns\apache-maven-3.3.9\repository\net\minidev\json-smart\2.3\json-smart-2.3.jar;E:\sns\apache-maven-3.3.9\repository\net\minidev\accessors-smart\1.2\accessors-smart-1.2.jar;E:\sns\apache-maven-3.3.9\repository\org\ow2\asm\asm\5.0.4\asm-5.0.4.jar;E:\sns\apache-maven-3.3.9\repository\junit\junit\4.12\junit-4.12.jar;E:\sns\apache-maven-3.3.9\repository\org\assertj\assertj-core\3.9.1\assertj-core-3.9.1.jar;E:\sns\apache-maven-3.3.9\repository\org\mockito\mockito-core\2.15.0\mockito-core-2.15.0.jar;E:\sns\apache-maven-3.3.9\repository\net\bytebuddy\byte-buddy\1.7.11\byte-buddy-1.7.11.jar;E:\sns\apache-maven-3.3.9\repository\net\bytebuddy\byte-buddy-agent\1.7.11\byte-buddy-agent-1.7.11.jar;E:\sns\apache-maven-3.3.9\repository\org\objenesis\objenesis\2.6\objenesis-2.6.jar;E:\sns\apache-maven-3.3.9\repository\org\hamcrest\hamcrest-core\1.3\hamcrest-core-1.3.jar;E:\sns\apache-maven-3.3.9\repository\org\hamcrest\hamcrest-library\1.3\hamcrest-library-1.3.jar;E:\sns\apache-maven-3.3.9\repository\org\skyscreamer\jsonassert\1.5.0\jsonassert-1.5.0.jar;E:\sns\apache-maven-3.3.9\repository\com\vaadin\external\google\android-json\0.0.20131108.vaadin1\android-json-0.0.20131108.vaadin1.jar;E:\sns\apache-maven-3.3.9\repository\org\springframework\spring-core\5.0.5.RELEASE\spring-core-5.0.5.RELEASE.jar;E:\sns\apache-maven-3.3.9\repository\org\springframework\spring-jcl\5.0.5.RELEASE\spring-jcl-5.0.5.RELEASE.jar;E:\sns\apache-maven-3.3.9\repository\org\springframework\spring-test\5.0.5.RELEASE\spring-test-5.0.5.RELEASE.jar;E:\sns\apache-maven-3.3.9\repository\org\xmlunit\xmlunit-core\2.5.1\xmlunit-core-2.5.1.jar;"/>
    <property name="sun.cpu.endian" value="little"/>
    <property name="user.home" value="C:\Users\Administrator"/>
    <property name="user.language" value="zh"/>
    <property name="java.specification.vendor" value="Oracle Corporation"/>
    <property name="java.home" value="E:\Java\jdk1.8.0_212\jre"/>
    <property name="basedir" value="E:\sns\workspace\temsqure_parent\temsqure_base"/>
    <property name="file.separator" value="\"/>
    <property name="line.separator" value="&#10;"/>
    <property name="java.vm.specification.vendor" value="Oracle Corporation"/>
    <property name="java.specification.name" value="Java Platform API Specification"/>
    <property name="java.awt.graphicsenv" value="sun.awt.Win32GraphicsEnvironment"/>
    <property name="surefire.real.class.path" value="C:\Users\ADMINI~1\AppData\Local\Temp\surefire5013641641663767700\surefirebooter3642768279284094343.jar"/>
    <property name="sun.boot.class.path" value="E:\Java\jdk1.8.0_212\jre\lib\resources.jar;E:\Java\jdk1.8.0_212\jre\lib\rt.jar;E:\Java\jdk1.8.0_212\jre\lib\sunrsasign.jar;E:\Java\jdk1.8.0_212\jre\lib\jsse.jar;E:\Java\jdk1.8.0_212\jre\lib\jce.jar;E:\Java\jdk1.8.0_212\jre\lib\charsets.jar;E:\Java\jdk1.8.0_212\jre\lib\jfr.jar;E:\Java\jdk1.8.0_212\jre\classes"/>
    <property name="user.script" value=""/>
    <property name="sun.management.compiler" value="HotSpot 64-Bit Tiered Compilers"/>
    <property name="java.runtime.version" value="1.8.0_212-b10"/>
    <property name="user.name" value="Administrator"/>
    <property name="path.separator" value=";"/>
    <property name="os.version" value="10.0"/>
    <property name="java.endorsed.dirs" value="E:\Java\jdk1.8.0_212\jre\lib\endorsed"/>
    <property name="java.runtime.name" value="Java(TM) SE Runtime Environment"/>
    <property name="file.encoding" value="GBK"/>
    <property name="java.vm.name" value="Java HotSpot(TM) 64-Bit Server VM"/>
    <property name="localRepository" value="E:\sns\apache-maven-3.3.9\repository"/>
    <property name="java.vendor.url.bug" value="http://bugreport.sun.com/bugreport/"/>
    <property name="java.io.tmpdir" value="C:\Users\ADMINI~1\AppData\Local\Temp\"/>
    <property name="idea.version" value="2017.1.2"/>
    <property name="java.version" value="1.8.0_212"/>
    <property name="user.dir" value="E:\sns\workspace\temsqure_parent\temsqure_base"/>
    <property name="os.arch" value="amd64"/>
    <property name="java.vm.specification.name" value="Java Virtual Machine Specification"/>
    <property name="java.awt.printerjob" value="sun.awt.windows.WPrinterJob"/>
    <property name="sun.os.patch.level" value=""/>
    <property name="java.library.path" value="E:\Java\jdk1.8.0_212\jre\bin;C:\Windows\Sun\Java\bin;C:\Windows\system32;C:\Windows;C:\Program Files\WinRAR;E:\Java\jdk1.8.0_212\bin;E:\Java\apache-maven-3.6.0\bin;C:\Windows\system32;C:\Windows;C:\Windows\System32\Wbem;C:\Windows\System32\WindowsPowerShell\v1.0\;C:\Users\Administrator\AppData\Local\Microsoft\WindowsApps;;."/>
    <property name="java.vm.info" value="mixed mode"/>
    <property name="java.vendor" value="Oracle Corporation"/>
    <property name="java.vm.version" value="25.212-b10"/>
    <property name="java.ext.dirs" value="E:\Java\jdk1.8.0_212\jre\lib\ext;C:\Windows\Sun\Java\lib\ext"/>
    <property name="sun.io.unicode.encoding" value="UnicodeLittle"/>
    <property name="java.class.version" value="52.0"/>
  </properties>
  <testcase name="findId" classname="com.temquare.base.service.LabelServiceTest" time="0.006"/>
  <testcase name="findAll" classname="com.temquare.base.service.LabelServiceTest" time="0"/>
</testsuite>